<?xml version="1.0" encoding="UTF-8"?>
<!-- Generated by org.testng.reporters.JUnitReportReporter -->
<testsuite hostname="DESKTOP-BCPG6LK" failures="0" tests="4" name="ecommerce.Shopping" time="18.696" errors="0" timestamp="2022-08-07T10:19:22 EET" skipped="0">
  <testcase classname="ecommerce.Shopping" name="selectShopping" time="8.395"/>
  <system-out/>
  <testcase classname="ecommerce.Shopping" name="selectShopping2" time="7.879"/>
  <system-out/>
  <testcase classname="ecommerce.Shopping" name="shoppingCart" time="1.327"/>
  <system-out/>
  <testcase classname="ecommerce.Shopping" name="removeFromShoppingCart" time="1.095"/>
  <system-out/>
</testsuite> <!-- ecommerce.Shopping -->
