<?xml version="1.0" encoding="UTF-8"?>
<!-- Generated by org.testng.reporters.JUnitReportReporter -->
<testsuite hostname="DESKTOP-BCPG6LK" failures="0" tests="3" name="ecommerce.ConfirmPurchasing" time="10.315" errors="0" timestamp="2022-08-07T10:19:22 EET" skipped="0">
  <testcase classname="ecommerce.ConfirmPurchasing" name="checkout" time="2.625"/>
  <system-out/>
  <testcase classname="ecommerce.ConfirmPurchasing" name="Confirm" time="1.144"/>
  <system-out/>
  <testcase classname="ecommerce.ConfirmPurchasing" name="Payments" time="6.546"/>
  <system-out/>
</testsuite> <!-- ecommerce.ConfirmPurchasing -->
