<?xml version="1.0" encoding="UTF-8"?>
<!-- Generated by org.testng.reporters.JUnitReportReporter -->
<testsuite hostname="DESKTOP-BCPG6LK" failures="0" tests="4" name="ecommerce.Search" time="6.959" errors="0" timestamp="2022-08-07T10:19:22 EET" skipped="0">
  <testcase classname="ecommerce.Search" name="SearchBox" time="1.705"/>
  <system-out/>
  <testcase classname="ecommerce.Search" name="addToWithList" time="2.198"/>
  <system-out/>
  <testcase classname="ecommerce.Search" name="goToWishlistMenu" time="1.214"/>
  <system-out/>
  <testcase classname="ecommerce.Search" name="wishListToCart" time="1.842"/>
  <system-out/>
</testsuite> <!-- ecommerce.Search -->
