<?xml version="1.0" encoding="UTF-8"?>
<!-- Generated by org.testng.reporters.JUnitReportReporter -->
<testsuite hostname="DESKTOP-BCPG6LK" failures="0" tests="1" name="AmazonEGTest.AmazonEGTest.AppTest" time="0.013" errors="0" timestamp="2022-08-06T03:24:50 EET" skipped="0">
  <testcase classname="AmazonEGTest.AmazonEGTest.AppTest" name="Hello" time="0.013"/>
  <system-out/>
</testsuite> <!-- AmazonEGTest.AmazonEGTest.AppTest -->
