<?xml version="1.0" encoding="UTF-8"?>
<!-- Generated by org.testng.reporters.JUnitReportReporter -->
<testsuite hostname="DESKTOP-BCPG6LK" failures="0" tests="1" name="ecommerce.Logout" time="1.598" errors="0" timestamp="2022-08-07T10:19:22 EET" skipped="0">
  <testcase classname="ecommerce.Logout" name="logoutFromWebSite" time="1.598"/>
  <system-out/>
</testsuite> <!-- ecommerce.Logout -->
