<?xml version="1.0" encoding="UTF-8"?>
<!-- Generated by org.testng.reporters.JUnitReportReporter -->
<testsuite hostname="DESKTOP-BCPG6LK" failures="0" tests="1" name="ecommerce.RegisterandLogin" time="2.870" errors="0" timestamp="2022-08-07T10:19:22 EET" skipped="0">
  <testcase classname="ecommerce.RegisterandLogin" name="login_Test" time="2.870"/>
  <system-out/>
</testsuite> <!-- ecommerce.RegisterandLogin -->
